<?xml version="1.0" encoding="utf-8" standalone="no"?>
<test-results xmlns:xsi="http://www.w3.org/2001/XMLSchema-instance" xsi:noNamespaceSchemaLocation="nunit_schema_2.5.xsd" name="Pester" total="63" errors="0" failures="4" not-run="0" inconclusive="0" ignored="0" skipped="0" invalid="0" date="2019-02-02" time="08:58:49">
  <environment user="jlivings" machine-name="IT-M-82BJJ" cwd="C:\Users\jlivings" user-domain="PAYCHEX" platform="Microsoft Windows 10 Enterprise|C:\WINDOWS|\Device\Harddisk0\Partition4" nunit-version="2.5.8.0" os-version="10.0.14393" clr-version="4.0.30319.42000" />
  <culture-info current-culture="en-US" current-uiculture="en-US" />
  <test-suite type="TestFixture" name="Pester" executed="True" result="Failure" success="False" time="6.7408" asserts="0" description="Pester">
    <results>
      <test-suite type="TestFixture" name="C:\PesterDemo\2_SQL\1_SQLServices.Tests.ps1" executed="True" result="Failure" success="False" time="4.0052" asserts="0" description="C:\PesterDemo\2_SQL\1_SQLServices.Tests.ps1">
        <results>
          <test-suite type="TestFixture" name="SQL Server Services" executed="True" result="Failure" success="False" time="4.0052" asserts="0" description="SQL Server Services">
            <results>
              <test-suite type="TestFixture" name="SQL Server service" executed="True" result="Success" success="True" time="2.5377" asserts="0" description="SQL Server service">
                <results>
                  <test-case description="Should be running" name="SQL Server Services.SQL Server service.Should be running" time="1.0027" asserts="0" success="True" result="Success" executed="True" />
                  <test-case description="Should be automatic start" name="SQL Server Services.SQL Server service.Should be automatic start" time="0.8116" asserts="0" success="True" result="Success" executed="True" />
                  <test-case description="Should be using .\SQLSVC" name="SQL Server Services.SQL Server service.Should be using .\SQLSVC" time="0.7234" asserts="0" success="True" result="Success" executed="True" />
                </results>
              </test-suite>
              <test-suite type="TestFixture" name="SQL Server Agent service" executed="True" result="Failure" success="False" time="1.4675" asserts="0" description="SQL Server Agent service">
                <results>
                  <test-case description="Should be running" name="SQL Server Services.SQL Server Agent service.Should be running" time="0.2093" asserts="0" success="False" result="Failure" executed="True">
                    <failure>
                      <message>Expected 'Running', but got Stopped.</message>
                      <stack-trace>at &lt;ScriptBlock&gt;, C:\PesterDemo\2_SQL\1_SQLServices.Tests.ps1: line 21
21:             (Get-Service 'SQLAgent$SQL2017').Status | Should -Be 'Running'</stack-trace>
                    </failure>
                  </test-case>
                  <test-case description="Should be automatic start" name="SQL Server Services.SQL Server Agent service.Should be automatic start" time="0.6711" asserts="0" success="False" result="Failure" executed="True">
                    <failure>
                      <message>Expected strings to be the same, but they were different.
Expected length: 4
Actual length:   6
Strings differ at index 0.
Expected: 'Auto'
But was:  'Manual'
-----------^</message>
                      <stack-trace>at &lt;ScriptBlock&gt;, C:\PesterDemo\2_SQL\1_SQLServices.Tests.ps1: line 25
25:             (Get-WmiObject Win32_Service | Where-Object {$_.Name -eq 'SQLAgent$SQL2017'}).StartMode | Should -Be 'Auto'</stack-trace>
                    </failure>
                  </test-case>
                  <test-case description="Should be using .\SQLSVC" name="SQL Server Services.SQL Server Agent service.Should be using .\SQLSVC" time="0.587" asserts="0" success="True" result="Success" executed="True" />
                </results>
              </test-suite>
            </results>
          </test-suite>
        </results>
      </test-suite>
      <test-suite type="TestFixture" name="C:\PesterDemo\2_SQL\2_Databases.Tests.ps1" executed="True" result="Failure" success="False" time="2.5989" asserts="0" description="C:\PesterDemo\2_SQL\2_Databases.Tests.ps1">
        <results>
          <test-suite type="TestFixture" name="Database Settings on localhost\SQL2017" executed="True" result="Failure" success="False" time="2.5989" asserts="0" description="Database Settings on localhost\SQL2017">
            <results>
              <test-suite type="TestFixture" name="master" executed="True" result="Success" success="True" time="1.3481" asserts="0" description="master">
                <results>
                  <test-case description="Should be owned by sa" name="Database Settings on localhost\SQL2017.master.Should be owned by sa" time="1.3225" asserts="0" success="True" result="Success" executed="True" />
                  <test-case description="Should have auto close disabled" name="Database Settings on localhost\SQL2017.master.Should have auto close disabled" time="0.014" asserts="0" success="True" result="Success" executed="True" />
                  <test-case description="Should have auto shrink disabled" name="Database Settings on localhost\SQL2017.master.Should have auto shrink disabled" time="0.0116" asserts="0" success="True" result="Success" executed="True" />
                </results>
              </test-suite>
              <test-suite type="TestFixture" name="tempdb" executed="True" result="Success" success="True" time="0.0618" asserts="0" description="tempdb">
                <results>
                  <test-case description="Should be owned by sa" name="Database Settings on localhost\SQL2017.tempdb.Should be owned by sa" time="0.0461" asserts="0" success="True" result="Success" executed="True" />
                  <test-case description="Should have auto close disabled" name="Database Settings on localhost\SQL2017.tempdb.Should have auto close disabled" time="0.0062" asserts="0" success="True" result="Success" executed="True" />
                  <test-case description="Should have auto shrink disabled" name="Database Settings on localhost\SQL2017.tempdb.Should have auto shrink disabled" time="0.0095" asserts="0" success="True" result="Success" executed="True" />
                </results>
              </test-suite>
              <test-suite type="TestFixture" name="model" executed="True" result="Success" success="True" time="0.074" asserts="0" description="model">
                <results>
                  <test-case description="Should be owned by sa" name="Database Settings on localhost\SQL2017.model.Should be owned by sa" time="0.0577" asserts="0" success="True" result="Success" executed="True" />
                  <test-case description="Should have auto close disabled" name="Database Settings on localhost\SQL2017.model.Should have auto close disabled" time="0.0082" asserts="0" success="True" result="Success" executed="True" />
                  <test-case description="Should have auto shrink disabled" name="Database Settings on localhost\SQL2017.model.Should have auto shrink disabled" time="0.008" asserts="0" success="True" result="Success" executed="True" />
                </results>
              </test-suite>
              <test-suite type="TestFixture" name="msdb" executed="True" result="Success" success="True" time="0.0623" asserts="0" description="msdb">
                <results>
                  <test-case description="Should be owned by sa" name="Database Settings on localhost\SQL2017.msdb.Should be owned by sa" time="0.0397" asserts="0" success="True" result="Success" executed="True" />
                  <test-case description="Should have auto close disabled" name="Database Settings on localhost\SQL2017.msdb.Should have auto close disabled" time="0.0113" asserts="0" success="True" result="Success" executed="True" />
                  <test-case description="Should have auto shrink disabled" name="Database Settings on localhost\SQL2017.msdb.Should have auto shrink disabled" time="0.0112" asserts="0" success="True" result="Success" executed="True" />
                </results>
              </test-suite>
              <test-suite type="TestFixture" name="DWDiagnostics" executed="True" result="Success" success="True" time="0.0799" asserts="0" description="DWDiagnostics">
                <results>
                  <test-case description="Should be owned by sa" name="Database Settings on localhost\SQL2017.DWDiagnostics.Should be owned by sa" time="0.0609" asserts="0" success="True" result="Success" executed="True" />
                  <test-case description="Should have auto close disabled" name="Database Settings on localhost\SQL2017.DWDiagnostics.Should have auto close disabled" time="0.0099" asserts="0" success="True" result="Success" executed="True" />
                  <test-case description="Should have auto shrink disabled" name="Database Settings on localhost\SQL2017.DWDiagnostics.Should have auto shrink disabled" time="0.009" asserts="0" success="True" result="Success" executed="True" />
                </results>
              </test-suite>
              <test-suite type="TestFixture" name="DWConfiguration" executed="True" result="Success" success="True" time="0.07" asserts="0" description="DWConfiguration">
                <results>
                  <test-case description="Should be owned by sa" name="Database Settings on localhost\SQL2017.DWConfiguration.Should be owned by sa" time="0.0519" asserts="0" success="True" result="Success" executed="True" />
                  <test-case description="Should have auto close disabled" name="Database Settings on localhost\SQL2017.DWConfiguration.Should have auto close disabled" time="0.0069" asserts="0" success="True" result="Success" executed="True" />
                  <test-case description="Should have auto shrink disabled" name="Database Settings on localhost\SQL2017.DWConfiguration.Should have auto shrink disabled" time="0.0111" asserts="0" success="True" result="Success" executed="True" />
                </results>
              </test-suite>
              <test-suite type="TestFixture" name="DWQueue" executed="True" result="Success" success="True" time="0.069" asserts="0" description="DWQueue">
                <results>
                  <test-case description="Should be owned by sa" name="Database Settings on localhost\SQL2017.DWQueue.Should be owned by sa" time="0.0527" asserts="0" success="True" result="Success" executed="True" />
                  <test-case description="Should have auto close disabled" name="Database Settings on localhost\SQL2017.DWQueue.Should have auto close disabled" time="0.0103" asserts="0" success="True" result="Success" executed="True" />
                  <test-case description="Should have auto shrink disabled" name="Database Settings on localhost\SQL2017.DWQueue.Should have auto shrink disabled" time="0.006" asserts="0" success="True" result="Success" executed="True" />
                </results>
              </test-suite>
              <test-suite type="TestFixture" name="irissql" executed="True" result="Success" success="True" time="0.0651" asserts="0" description="irissql">
                <results>
                  <test-case description="Should be owned by sa" name="Database Settings on localhost\SQL2017.irissql.Should be owned by sa" time="0.0489" asserts="0" success="True" result="Success" executed="True" />
                  <test-case description="Should have auto close disabled" name="Database Settings on localhost\SQL2017.irissql.Should have auto close disabled" time="0.0091" asserts="0" success="True" result="Success" executed="True" />
                  <test-case description="Should have auto shrink disabled" name="Database Settings on localhost\SQL2017.irissql.Should have auto shrink disabled" time="0.0071" asserts="0" success="True" result="Success" executed="True" />
                </results>
              </test-suite>
              <test-suite type="TestFixture" name="PartitioningDemo" executed="True" result="Success" success="True" time="0.0956" asserts="0" description="PartitioningDemo">
                <results>
                  <test-case description="Should be owned by sa" name="Database Settings on localhost\SQL2017.PartitioningDemo.Should be owned by sa" time="0.0418" asserts="0" success="True" result="Success" executed="True" />
                  <test-case description="Should have auto close disabled" name="Database Settings on localhost\SQL2017.PartitioningDemo.Should have auto close disabled" time="0.0092" asserts="0" success="True" result="Success" executed="True" />
                  <test-case description="Should have auto shrink disabled" name="Database Settings on localhost\SQL2017.PartitioningDemo.Should have auto shrink disabled" time="0.0446" asserts="0" success="True" result="Success" executed="True" />
                </results>
              </test-suite>
              <test-suite type="TestFixture" name="Demo0" executed="True" result="Success" success="True" time="0.1802" asserts="0" description="Demo0">
                <results>
                  <test-case description="Should be owned by sa" name="Database Settings on localhost\SQL2017.Demo0.Should be owned by sa" time="0.1524" asserts="0" success="True" result="Success" executed="True" />
                  <test-case description="Should have auto close disabled" name="Database Settings on localhost\SQL2017.Demo0.Should have auto close disabled" time="0.0109" asserts="0" success="True" result="Success" executed="True" />
                  <test-case description="Should have auto shrink disabled" name="Database Settings on localhost\SQL2017.Demo0.Should have auto shrink disabled" time="0.0169" asserts="0" success="True" result="Success" executed="True" />
                </results>
              </test-suite>
              <test-suite type="TestFixture" name="CorruptionChallenge1" executed="True" result="Success" success="True" time="0.1106" asserts="0" description="CorruptionChallenge1">
                <results>
                  <test-case description="Should be owned by sa" name="Database Settings on localhost\SQL2017.CorruptionChallenge1.Should be owned by sa" time="0.0924" asserts="0" success="True" result="Success" executed="True" />
                  <test-case description="Should have auto close disabled" name="Database Settings on localhost\SQL2017.CorruptionChallenge1.Should have auto close disabled" time="0.0086" asserts="0" success="True" result="Success" executed="True" />
                  <test-case description="Should have auto shrink disabled" name="Database Settings on localhost\SQL2017.CorruptionChallenge1.Should have auto shrink disabled" time="0.0096" asserts="0" success="True" result="Success" executed="True" />
                </results>
              </test-suite>
              <test-suite type="TestFixture" name="CorruptionChallenge2" executed="True" result="Success" success="True" time="0.0679" asserts="0" description="CorruptionChallenge2">
                <results>
                  <test-case description="Should be owned by sa" name="Database Settings on localhost\SQL2017.CorruptionChallenge2.Should be owned by sa" time="0.0545" asserts="0" success="True" result="Success" executed="True" />
                  <test-case description="Should have auto close disabled" name="Database Settings on localhost\SQL2017.CorruptionChallenge2.Should have auto close disabled" time="0.0062" asserts="0" success="True" result="Success" executed="True" />
                  <test-case description="Should have auto shrink disabled" name="Database Settings on localhost\SQL2017.CorruptionChallenge2.Should have auto shrink disabled" time="0.0072" asserts="0" success="True" result="Success" executed="True" />
                </results>
              </test-suite>
              <test-suite type="TestFixture" name="CorruptionChallenge2_Old" executed="True" result="Success" success="True" time="0.0689" asserts="0" description="CorruptionChallenge2_Old">
                <results>
                  <test-case description="Should be owned by sa" name="Database Settings on localhost\SQL2017.CorruptionChallenge2_Old.Should be owned by sa" time="0.0513" asserts="0" success="True" result="Success" executed="True" />
                  <test-case description="Should have auto close disabled" name="Database Settings on localhost\SQL2017.CorruptionChallenge2_Old.Should have auto close disabled" time="0.0097" asserts="0" success="True" result="Success" executed="True" />
                  <test-case description="Should have auto shrink disabled" name="Database Settings on localhost\SQL2017.CorruptionChallenge2_Old.Should have auto shrink disabled" time="0.0079" asserts="0" success="True" result="Success" executed="True" />
                </results>
              </test-suite>
              <test-suite type="TestFixture" name="CorruptionChallenge4" executed="True" result="Success" success="True" time="0.057" asserts="0" description="CorruptionChallenge4">
                <results>
                  <test-case description="Should be owned by sa" name="Database Settings on localhost\SQL2017.CorruptionChallenge4.Should be owned by sa" time="0.0427" asserts="0" success="True" result="Success" executed="True" />
                  <test-case description="Should have auto close disabled" name="Database Settings on localhost\SQL2017.CorruptionChallenge4.Should have auto close disabled" time="0.0078" asserts="0" success="True" result="Success" executed="True" />
                  <test-case description="Should have auto shrink disabled" name="Database Settings on localhost\SQL2017.CorruptionChallenge4.Should have auto shrink disabled" time="0.0065" asserts="0" success="True" result="Success" executed="True" />
                </results>
              </test-suite>
              <test-suite type="TestFixture" name="CorruptionChallenge6" executed="True" result="Failure" success="False" time="0.0758" asserts="0" description="CorruptionChallenge6">
                <results>
                  <test-case description="Should be owned by sa" name="Database Settings on localhost\SQL2017.CorruptionChallenge6.Should be owned by sa" time="0.0498" asserts="0" success="False" result="Failure" executed="True">
                    <failure>
                      <message>Expected strings to be the same, but they were different.
Expected length: 2
Actual length:   19
Strings differ at index 0.
Expected: 'sa'
But was:  'NT AUTHORITY\SYSTEM'
-----------^</message>
                      <stack-trace>at &lt;ScriptBlock&gt;, C:\PesterDemo\2_SQL\2_Databases.Tests.ps1: line 20
20:                 $Database.Owner | Should -Be 'sa'</stack-trace>
                    </failure>
                  </test-case>
                  <test-case description="Should have auto close disabled" name="Database Settings on localhost\SQL2017.CorruptionChallenge6.Should have auto close disabled" time="0.0183" asserts="0" success="True" result="Success" executed="True" />
                  <test-case description="Should have auto shrink disabled" name="Database Settings on localhost\SQL2017.CorruptionChallenge6.Should have auto shrink disabled" time="0.0076" asserts="0" success="True" result="Success" executed="True" />
                </results>
              </test-suite>
              <test-suite type="TestFixture" name="graph" executed="True" result="Success" success="True" time="0.0559" asserts="0" description="graph">
                <results>
                  <test-case description="Should be owned by sa" name="Database Settings on localhost\SQL2017.graph.Should be owned by sa" time="0.0432" asserts="0" success="True" result="Success" executed="True" />
                  <test-case description="Should have auto close disabled" name="Database Settings on localhost\SQL2017.graph.Should have auto close disabled" time="0.0065" asserts="0" success="True" result="Success" executed="True" />
                  <test-case description="Should have auto shrink disabled" name="Database Settings on localhost\SQL2017.graph.Should have auto shrink disabled" time="0.0063" asserts="0" success="True" result="Success" executed="True" />
                </results>
              </test-suite>
              <test-suite type="TestFixture" name="FF" executed="True" result="Success" success="True" time="0.0568" asserts="0" description="FF">
                <results>
                  <test-case description="Should be owned by sa" name="Database Settings on localhost\SQL2017.FF.Should be owned by sa" time="0.0427" asserts="0" success="True" result="Success" executed="True" />
                  <test-case description="Should have auto close disabled" name="Database Settings on localhost\SQL2017.FF.Should have auto close disabled" time="0.0077" asserts="0" success="True" result="Success" executed="True" />
                  <test-case description="Should have auto shrink disabled" name="Database Settings on localhost\SQL2017.FF.Should have auto shrink disabled" time="0.0064" asserts="0" success="True" result="Success" executed="True" />
                </results>
              </test-suite>
            </results>
          </test-suite>
        </results>
      </test-suite>
      <test-suite type="TestFixture" name="C:\PesterDemo\2_SQL\3_Configurations.Tests.ps1" executed="True" result="Failure" success="False" time="0.1367" asserts="0" description="C:\PesterDemo\2_SQL\3_Configurations.Tests.ps1">
        <results>
          <test-suite type="TestFixture" name="Instance Configuration on localhost\SQL2017" executed="True" result="Failure" success="False" time="0.1367" asserts="0" description="Instance Configuration on localhost\SQL2017">
            <results>
              <test-case description="Remote Query Timeout should be 300" name="Instance Configuration on localhost\SQL2017.Remote Query Timeout should be 300" time="0.0814" asserts="0" success="True" result="Success" executed="True" />
              <test-case description="Backup Compression Default should be set " name="Instance Configuration on localhost\SQL2017.Backup Compression Default should be set " time="0.0106" asserts="0" success="False" result="Failure" executed="True">
                <failure>
                  <message>Expected 1, but got 0.</message>
                  <stack-trace>at &lt;ScriptBlock&gt;, C:\PesterDemo\2_SQL\3_Configurations.Tests.ps1: line 25
25:         $backupcompression | Should -Be 1</stack-trace>
                </failure>
              </test-case>
              <test-case description="Minimum Server Memory should be: 1" name="Instance Configuration on localhost\SQL2017.Minimum Server Memory should be: 1" time="0.0153" asserts="0" success="True" result="Success" executed="True" />
              <test-case description="Maximum Server Memory should be set" name="Instance Configuration on localhost\SQL2017.Maximum Server Memory should be set" time="0.0115" asserts="0" success="True" result="Success" executed="True" />
              <test-case description="Cost Threshold for Parallelism should be 50" name="Instance Configuration on localhost\SQL2017.Cost Threshold for Parallelism should be 50" time="0.009" asserts="0" success="True" result="Success" executed="True" />
              <test-case description="Max Degree of Parallelism should be set" name="Instance Configuration on localhost\SQL2017.Max Degree of Parallelism should be set" time="0.0089" asserts="0" success="True" result="Success" executed="True" />
            </results>
          </test-suite>
        </results>
      </test-suite>
    </results>
  </test-suite>
</test-results>